<?xml version="1.0" encoding="UTF-8"?>
<testsuite xmlns:xsi="http://www.w3.org/2001/XMLSchema-instance" xsi:noNamespaceSchemaLocation="https://maven.apache.org/surefire/maven-surefire-plugin/xsd/surefire-test-report-3.0.xsd" version="3.0" name="org.hu.reservation.service.JwtServiceTest" time="7.503" tests="7" errors="0" skipped="0" failures="0">
  <properties>
[...]
</properties>
  <testcase name="validateToken_DifferentUser" classname="org.hu.reservation.service.JwtServiceTest" time="0.189">
    <system-out><![CDATA[2024-06-25 22:27:32.278 [main] INFO  o.s.t.c.s.AnnotationConfigContextLoaderUtils - Could not detect default configuration classes for test class [org.hu.reservation.service.JwtServiceTest]: JwtServiceTest does not declare any static, non-private, non-final, nested classes annotated with @Configuration.
2024-06-25 22:27:32.295 [main] INFO  o.s.b.t.c.SpringBootTestContextBootstrapper - Found @SpringBootConfiguration org.hu.reservation.App for test class org.hu.reservation.service.JwtServiceTest
  .   ____          _            __ _ _
 /\\ / ___'_ __ _ _(_)_ __  __ _ \ \ \ \
( ( )\___ | '_ | '_| | '_ \/ _` | \ \ \ \
 \\/  ___)| |_)| | | | | || (_| |  ) ) ) )
  '  |____| .__|_| |_|_| |_\__, | / / / /
 =========|_|==============|___/=/_/_/_/

 :: Spring Boot ::                (v3.3.0)

2024-06-25 22:27:32.335 [main] INFO  o.h.r.service.JwtServiceTest - Starting JwtServiceTest using Java 17.0.11 with PID 797 (started by jack in /home/jack/reservation-api)
2024-06-25 22:27:32.336 [main] INFO  o.h.r.service.JwtServiceTest - No active profile set, falling back to 1 default profile: "default"
2024-06-25 22:27:33.136 [main] INFO  o.s.d.r.c.RepositoryConfigurationDelegate - Bootstrapping Spring Data JPA repositories in DEFAULT mode.
2024-06-25 22:27:33.217 [main] INFO  o.s.d.r.c.RepositoryConfigurationDelegate - Finished Spring Data repository scanning in 66 ms. Found 3 JPA repository interfaces.
2024-06-25 22:27:33.963 [main] INFO  o.h.jpa.internal.util.LogHelper - HHH000204: Processing PersistenceUnitInfo [name: default]
2024-06-25 22:27:34.069 [main] INFO  org.hibernate.Version - HHH000412: Hibernate ORM core version 6.5.2.Final
2024-06-25 22:27:34.131 [main] INFO  o.h.c.i.RegionFactoryInitiator - HHH000026: Second-level cache disabled
2024-06-25 22:27:34.433 [main] INFO  o.s.o.j.p.SpringPersistenceUnitInfo - No LoadTimeWeaver setup: ignoring JPA class transformer
2024-06-25 22:27:34.485 [main] INFO  com.zaxxer.hikari.HikariDataSource - HikariPool-1 - Starting...
2024-06-25 22:27:35.044 [main] INFO  com.zaxxer.hikari.pool.HikariPool - HikariPool-1 - Added connection com.mysql.cj.jdbc.ConnectionImpl@32e0b990
2024-06-25 22:27:35.049 [main] INFO  com.zaxxer.hikari.HikariDataSource - HikariPool-1 - Start completed.
2024-06-25 22:27:36.676 [main] INFO  o.h.e.t.j.p.i.JtaPlatformInitiator - HHH000489: No JTA platform available (set 'hibernate.transaction.jta.platform' to enable JTA platform integration)
2024-06-25 22:27:36.800 [main] INFO  o.s.o.j.LocalContainerEntityManagerFactoryBean - Initialized JPA EntityManagerFactory for persistence unit 'default'
2024-06-25 22:27:37.595 [main] INFO  o.s.d.j.r.query.QueryEnhancerFactory - Hibernate is in classpath; If applicable, HQL parser will be used.
2024-06-25 22:27:37.886 [main] WARN  c.a.c.h.netty.implementation.Utility - The following Netty dependencies have versions that do not match the versions specified in the azure-core-http-netty pom.xml file. This may result in unexpected behavior. If your application runs without issue this message can be ignored, otherwise please update the Netty dependencies to match the versions specified in the pom.xml file. Versions found in runtime: 'io.netty:netty-common' version: 4.1.110.Final (expected: 4.1.108.Final),'io.netty:netty-handler' version: 4.1.110.Final (expected: 4.1.108.Final),'io.netty:netty-handler-proxy' version: 4.1.110.Final (expected: 4.1.108.Final),'io.netty:netty-buffer' version: 4.1.110.Final (expected: 4.1.108.Final),'io.netty:netty-codec' version: 4.1.110.Final (expected: 4.1.108.Final),'io.netty:netty-codec-http' version: 4.1.110.Final (expected: 4.1.108.Final),'io.netty:netty-codec-http2' version: 4.1.110.Final (expected: 4.1.108.Final),'io.netty:netty-transport-native-unix-common' version: 4.1.110.Final (expected: 4.1.108.Final),'io.netty:netty-transport-native-epoll' version: 4.1.110.Final (expected: 4.1.108.Final),'io.netty:netty-transport-native-kqueue' version: 4.1.110.Final (expected: 4.1.108.Final)
2024-06-25 22:27:38.251 [main] INFO  o.s.s.c.a.a.c.InitializeAuthenticationProviderBeanManagerConfigurer$InitializeAuthenticationProviderManagerConfigurer - Global AuthenticationManager configured with AuthenticationProvider bean with name authenticationProvider
2024-06-25 22:27:38.252 [main] WARN  o.s.s.c.a.a.c.InitializeUserDetailsBeanManagerConfigurer$InitializeUserDetailsManagerConfigurer - Global AuthenticationManager configured with an AuthenticationProvider bean. UserDetailsService beans will not be used for username/password login. Consider removing the AuthenticationProvider bean. Alternatively, consider using the UserDetailsService in a manually instantiated DaoAuthenticationProvider.
2024-06-25 22:27:38.536 [main] WARN  o.s.b.a.o.j.JpaBaseConfiguration$JpaWebConfiguration - spring.jpa.open-in-view is enabled by default. Therefore, database queries may be performed during view rendering. Explicitly configure spring.jpa.open-in-view to disable this warning
2024-06-25 22:27:38.884 [main] INFO  o.s.s.web.DefaultSecurityFilterChain - Will secure any request with [org.springframework.security.web.session.DisableEncodeUrlFilter@791a53c7, org.springframework.security.web.context.request.async.WebAsyncManagerIntegrationFilter@41c6dbac, org.springframework.security.web.context.SecurityContextHolderFilter@2968ff7a, org.springframework.security.web.header.HeaderWriterFilter@87852fb, org.springframework.web.filter.CorsFilter@2e5f2387, org.springframework.security.web.authentication.logout.LogoutFilter@75b9bbab, org.hu.reservation.filter.JwtAuthFilter@55c0a768, org.springframework.security.web.savedrequest.RequestCacheAwareFilter@63cd8f26, org.springframework.security.web.servletapi.SecurityContextHolderAwareRequestFilter@29923d3d, org.springframework.security.web.authentication.AnonymousAuthenticationFilter@642d7996, org.springframework.security.web.session.SessionManagementFilter@24e2d0d1, org.springframework.security.web.access.ExceptionTranslationFilter@32a7f41b, org.springframework.security.web.access.intercept.AuthorizationFilter@42c10f3d]
2024-06-25 22:27:39.504 [main] INFO  o.h.r.service.JwtServiceTest - Started JwtServiceTest in 7.2 seconds (process running for 16.805)
]]></system-out>
  </testcase>
  <testcase name="validateToken_ValidTokenAndUser" classname="org.hu.reservation.service.JwtServiceTest" time="0.011"/>
  <testcase name="extractClaim_ValidToken" classname="org.hu.reservation.service.JwtServiceTest" time="0.013"/>
  <testcase name="generateToken_Success" classname="org.hu.reservation.service.JwtServiceTest" time="0.01"/>
  <testcase name="validateToken_InvalidToken" classname="org.hu.reservation.service.JwtServiceTest" time="0.015"/>
  <testcase name="extractUsername_ValidToken" classname="org.hu.reservation.service.JwtServiceTest" time="0.008"/>
  <testcase name="extractExpiration_ValidToken" classname="org.hu.reservation.service.JwtServiceTest" time="0.008"/>
</testsuite>